<?xml version="1.0" encoding="UTF-8"?>
<!-- Generated by org.testng.reporters.JUnitXMLReporter -->
<testsuite ignored="5" hostname="CIPL-LPT-877" failures="0" tests="1" name="Default test" time="17.641" errors="0" timestamp="2023-05-22T13:07:20 IST">
  <testcase classname="com.qa.nil.tests.HomePageTestPage" name="joinClubCancelbtnTest" time="5.965"/>
  <testcase classname="com.qa.nil.tests.HomePageTestPage" name="marketPlacelinkTest" time="0.0">
    <ignored/>
  </testcase> <!-- marketPlacelinkTest -->
  <testcase classname="com.qa.nil.tests.HomePageTestPage" name="joinAsAtheletRegisterNowBtnTest" time="0.0">
    <ignored/>
  </testcase> <!-- joinAsAtheletRegisterNowBtnTest -->
  <testcase classname="com.qa.nil.tests.HomePageTestPage" name="nxConnectLinkTest" time="0.0">
    <ignored/>
  </testcase> <!-- nxConnectLinkTest -->
  <testcase classname="com.qa.nil.tests.HomePageTestPage" name="loginbtnTest" time="0.0">
    <ignored/>
  </testcase> <!-- loginbtnTest -->
  <testcase classname="com.qa.nil.tests.HomePageTestPage" name="signupbtnTest" time="0.0">
    <ignored/>
  </testcase> <!-- signupbtnTest -->
</testsuite> <!-- Default test -->
