<?xml version="1.0" encoding="UTF-8"?>
<testng-results ignored="5" total="6" passed="1" failed="0" skipped="0">
  <reporter-output>
  </reporter-output>
  <suite started-at="2023-05-22T13:07:03 IST" name="Default suite" finished-at="2023-05-22T13:07:20 IST" duration-ms="17641">
    <groups>
    </groups>
    <test started-at="2023-05-22T13:07:03 IST" name="Default test" finished-at="2023-05-22T13:07:20 IST" duration-ms="17641">
      <class name="com.qa.nil.tests.HomePageTestPage">
        <test-method is-config="true" signature="setup()[pri:0, instance:com.qa.nil.tests.HomePageTestPage@6c4980d3]" started-at="2023-05-22T13:07:03 IST" name="setup" finished-at="2023-05-22T13:07:14 IST" duration-ms="10813" status="PASS">
          <reporter-output>
          </reporter-output>
        </test-method> <!-- setup -->
        <test-method signature="joinClubCancelbtnTest()[pri:0, instance:com.qa.nil.tests.HomePageTestPage@6c4980d3]" started-at="2023-05-22T13:07:14 IST" name="joinClubCancelbtnTest" finished-at="2023-05-22T13:07:20 IST" duration-ms="5965" status="PASS">
          <reporter-output>
          </reporter-output>
        </test-method> <!-- joinClubCancelbtnTest -->
        <test-method is-config="true" signature="tearDown()[pri:0, instance:com.qa.nil.tests.HomePageTestPage@6c4980d3]" started-at="2023-05-22T13:07:20 IST" name="tearDown" finished-at="2023-05-22T13:07:20 IST" duration-ms="701" status="PASS">
          <reporter-output>
          </reporter-output>
        </test-method> <!-- tearDown -->
      </class> <!-- com.qa.nil.tests.HomePageTestPage -->
    </test> <!-- Default test -->
  </suite> <!-- Default suite -->
</testng-results>
